INFO main org.hibernate.cfg.SettingsFactory - Driver ->
       name : MySQL-AB JDBC Driver
    version : mysql-connector-java-5.1.18 ( Revision: tonci.grgin@oracle.com-20110930151701-jfj14ddfq48ifkfq )
      major : 5
      minor : 1
INFO main org.hibernate.dialect.Dialect - Using dialect: org.hibernate.dialect.MySQL5InnoDBDialect
INFO main org.hibernate.transaction.TransactionFactoryFactory - Using default transaction strategy (direct JDBC transactions)
INFO main org.hibernate.transaction.TransactionManagerLookupFactory - No TransactionManagerLookup configured (in JTA environment, use of read-write or transactional second-level cache is not recommended)
INFO main org.hibernate.cfg.SettingsFactory - Automatic flush during beforeCompletion(): disabled
INFO main org.hibernate.cfg.SettingsFactory - Automatic session close at end of transaction: disabled
INFO main org.hibernate.cfg.SettingsFactory - JDBC batch size: 15
INFO main org.hibernate.cfg.SettingsFactory - JDBC batch updates for versioned data: disabled
INFO main org.hibernate.cfg.SettingsFactory - Scrollable result sets: enabled
INFO main org.hibernate.cfg.SettingsFactory - JDBC3 getGeneratedKeys(): enabled
INFO main org.hibernate.cfg.SettingsFactory - Connection release mode: auto
INFO main org.hibernate.cfg.SettingsFactory - Maximum outer join fetch depth: 2
INFO main org.hibernate.cfg.SettingsFactory - Default batch fetch size: 1
INFO main org.hibernate.cfg.SettingsFactory - Generate SQL with comments: disabled
INFO main org.hibernate.cfg.SettingsFactory - Order SQL updates by primary key: disabled
INFO main org.hibernate.cfg.SettingsFactory - Order SQL inserts for batching: disabled
INFO main org.hibernate.cfg.SettingsFactory - Query translator: org.hibernate.hql.ast.ASTQueryTranslatorFactory
INFO main org.hibernate.hql.ast.ASTQueryTranslatorFactory - Using ASTQueryTranslatorFactory
INFO main org.hibernate.cfg.SettingsFactory - Query language substitutions: {}
INFO main org.hibernate.cfg.SettingsFactory - JPA-QL strict compliance: disabled
INFO main org.hibernate.cfg.SettingsFactory - Second-level cache: enabled
INFO main org.hibernate.cfg.SettingsFactory - Query cache: disabled
INFO main org.hibernate.cfg.SettingsFactory - Cache region factory : org.hibernate.cache.impl.NoCachingRegionFactory
INFO main org.hibernate.cfg.SettingsFactory - Optimize cache for minimal puts: disabled
INFO main org.hibernate.cfg.SettingsFactory - Structured second-level cache entries: disabled
INFO main org.hibernate.cfg.SettingsFactory - Statistics: disabled
INFO main org.hibernate.cfg.SettingsFactory - Deleted entity synthetic identifier rollback: disabled
INFO main org.hibernate.cfg.SettingsFactory - Default entity-mode: pojo
INFO main org.hibernate.cfg.SettingsFactory - Named query checking : enabled
INFO main org.hibernate.cfg.SettingsFactory - Check Nullability in Core (should be disabled when Bean Validation is on): enabled
INFO main org.hibernate.impl.SessionFactoryImpl - building session factory
INFO main org.hibernate.impl.SessionFactoryObjectFactory - Not binding factory to JNDI, no JNDI name configured
WARN main org.hibernate.util.JDBCExceptionReporter - SQL Error: 1048, SQLState: 23000
ERROR main org.hibernate.util.JDBCExceptionReporter - Column 'createtime' cannot be null
INFO main org.hibernate.annotations.common.Version - Hibernate Commons Annotations 3.2.0.Final
INFO main org.hibernate.cfg.Environment - Hibernate 3.6.0.Final
INFO main org.hibernate.cfg.Environment - hibernate.properties not found
INFO main org.hibernate.cfg.Environment - Bytecode provider name : javassist
INFO main org.hibernate.cfg.Environment - using JDK 1.4 java.sql.Timestamp handling
INFO main org.hibernate.cfg.Configuration - configuring from resource: /hibernate.cfg.xml
INFO main org.hibernate.cfg.Configuration - Configuration resource: /hibernate.cfg.xml
WARN main org.hibernate.util.DTDEntityResolver - recognized obsolete hibernate namespace http://hibernate.sourceforge.net/. Use namespace http://www.hibernate.org/dtd/ instead. Refer to Hibernate 3.6 Migration Guide!
INFO main org.hibernate.cfg.Configuration - Reading mappings from resource : com/drsun/model/User.hbm.xml
WARN main org.hibernate.util.DTDEntityResolver - recognized obsolete hibernate namespace http://hibernate.sourceforge.net/. Use namespace http://www.hibernate.org/dtd/ instead. Refer to Hibernate 3.6 Migration Guide!
INFO main org.hibernate.cfg.Configuration - Configured SessionFactory: null
INFO main org.hibernate.cfg.HbmBinder - Mapping class: com.drsun.model.User -> user
INFO main org.hibernate.cfg.Configuration - Hibernate Validator not found: ignoring
INFO main org.hibernate.cfg.search.HibernateSearchEventListenerRegister - Unable to find org.hibernate.search.event.FullTextIndexEventListener on the classpath. Hibernate Search is not enabled.
INFO main org.hibernate.connection.DriverManagerConnectionProvider - Using Hibernate built-in connection pool (not for production use!)
INFO main org.hibernate.connection.DriverManagerConnectionProvider - Hibernate connection pool size: 20
INFO main org.hibernate.connection.DriverManagerConnectionProvider - autocommit mode: false
INFO main org.hibernate.connection.DriverManagerConnectionProvider - using driver: com.mysql.jdbc.Driver at URL: jdbc:mysql://localhost:3306/psyorder
INFO main org.hibernate.connection.DriverManagerConnectionProvider - connection properties: {user=root, password=****}
INFO main org.hibernate.cfg.SettingsFactory - Database ->
       name : MySQL
    version : 5.5.22
      major : 5
      minor : 5
INFO main org.hibernate.cfg.SettingsFactory - Driver ->
       name : MySQL-AB JDBC Driver
    version : mysql-connector-java-5.1.18 ( Revision: tonci.grgin@oracle.com-20110930151701-jfj14ddfq48ifkfq )
      major : 5
      minor : 1
INFO main org.hibernate.dialect.Dialect - Using dialect: org.hibernate.dialect.MySQL5InnoDBDialect
INFO main org.hibernate.transaction.TransactionFactoryFactory - Using default transaction strategy (direct JDBC transactions)
INFO main org.hibernate.transaction.TransactionManagerLookupFactory - No TransactionManagerLookup configured (in JTA environment, use of read-write or transactional second-level cache is not recommended)
INFO main org.hibernate.cfg.SettingsFactory - Automatic flush during beforeCompletion(): disabled
INFO main org.hibernate.cfg.SettingsFactory - Automatic session close at end of transaction: disabled
INFO main org.hibernate.cfg.SettingsFactory - JDBC batch size: 15
INFO main org.hibernate.cfg.SettingsFactory - JDBC batch updates for versioned data: disabled
INFO main org.hibernate.cfg.SettingsFactory - Scrollable result sets: enabled
INFO main org.hibernate.cfg.SettingsFactory - JDBC3 getGeneratedKeys(): enabled
INFO main org.hibernate.cfg.SettingsFactory - Connection release mode: auto
INFO main org.hibernate.cfg.SettingsFactory - Maximum outer join fetch depth: 2
INFO main org.hibernate.cfg.SettingsFactory - Default batch fetch size: 1
INFO main org.hibernate.cfg.SettingsFactory - Generate SQL with comments: disabled
INFO main org.hibernate.cfg.SettingsFactory - Order SQL updates by primary key: disabled
INFO main org.hibernate.cfg.SettingsFactory - Order SQL inserts for batching: disabled
INFO main org.hibernate.cfg.SettingsFactory - Query translator: org.hibernate.hql.ast.ASTQueryTranslatorFactory
INFO main org.hibernate.hql.ast.ASTQueryTranslatorFactory - Using ASTQueryTranslatorFactory
INFO main org.hibernate.cfg.SettingsFactory - Query language substitutions: {}
INFO main org.hibernate.cfg.SettingsFactory - JPA-QL strict compliance: disabled
INFO main org.hibernate.cfg.SettingsFactory - Second-level cache: enabled
INFO main org.hibernate.cfg.SettingsFactory - Query cache: disabled
INFO main org.hibernate.cfg.SettingsFactory - Cache region factory : org.hibernate.cache.impl.NoCachingRegionFactory
INFO main org.hibernate.cfg.SettingsFactory - Optimize cache for minimal puts: disabled
INFO main org.hibernate.cfg.SettingsFactory - Structured second-level cache entries: disabled
INFO main org.hibernate.cfg.SettingsFactory - Statistics: disabled
INFO main org.hibernate.cfg.SettingsFactory - Deleted entity synthetic identifier rollback: disabled
INFO main org.hibernate.cfg.SettingsFactory - Default entity-mode: pojo
INFO main org.hibernate.cfg.SettingsFactory - Named query checking : enabled
INFO main org.hibernate.cfg.SettingsFactory - Check Nullability in Core (should be disabled when Bean Validation is on): enabled
INFO main org.hibernate.impl.SessionFactoryImpl - building session factory
INFO main org.hibernate.impl.SessionFactoryObjectFactory - Not binding factory to JNDI, no JNDI name configured
INFO main org.hibernate.annotations.common.Version - Hibernate Commons Annotations 3.2.0.Final
INFO main org.hibernate.cfg.Environment - Hibernate 3.6.0.Final
INFO main org.hibernate.cfg.Environment - hibernate.properties not found
INFO main org.hibernate.cfg.Environment - Bytecode provider name : javassist
INFO main org.hibernate.cfg.Environment - using JDK 1.4 java.sql.Timestamp handling
INFO main org.hibernate.cfg.Configuration - configuring from resource: /hibernate.cfg.xml
INFO main org.hibernate.cfg.Configuration - Configuration resource: /hibernate.cfg.xml
WARN main org.hibernate.util.DTDEntityResolver - recognized obsolete hibernate namespace http://hibernate.sourceforge.net/. Use namespace http://www.hibernate.org/dtd/ instead. Refer to Hibernate 3.6 Migration Guide!
INFO main org.hibernate.cfg.Configuration - Reading mappings from resource : com/drsun/model/User.hbm.xml
WARN main org.hibernate.util.DTDEntityResolver - recognized obsolete hibernate namespace http://hibernate.sourceforge.net/. Use namespace http://www.hibernate.org/dtd/ instead. Refer to Hibernate 3.6 Migration Guide!
INFO main org.hibernate.cfg.Configuration - Configured SessionFactory: null
INFO main org.hibernate.cfg.HbmBinder - Mapping class: com.drsun.model.User -> user
INFO main org.hibernate.cfg.Configuration - Hibernate Validator not found: ignoring
INFO main org.hibernate.cfg.search.HibernateSearchEventListenerRegister - Unable to find org.hibernate.search.event.FullTextIndexEventListener on the classpath. Hibernate Search is not enabled.
INFO main org.hibernate.connection.DriverManagerConnectionProvider - Using Hibernate built-in connection pool (not for production use!)
INFO main org.hibernate.connection.DriverManagerConnectionProvider - Hibernate connection pool size: 20
INFO main org.hibernate.connection.DriverManagerConnectionProvider - autocommit mode: false
INFO main org.hibernate.connection.DriverManagerConnectionProvider - using driver: com.mysql.jdbc.Driver at URL: jdbc:mysql://localhost:3306/psyorder
INFO main org.hibernate.connection.DriverManagerConnectionProvider - connection properties: {user=root, password=****}
INFO main org.hibernate.cfg.SettingsFactory - Database ->
       name : MySQL
    version : 5.5.22
      major : 5
      minor : 5
INFO main org.hibernate.cfg.SettingsFactory - Driver ->
       name : MySQL-AB JDBC Driver
    version : mysql-connector-java-5.1.18 ( Revision: tonci.grgin@oracle.com-20110930151701-jfj14ddfq48ifkfq )
      major : 5
      minor : 1
INFO main org.hibernate.dialect.Dialect - Using dialect: org.hibernate.dialect.MySQL5InnoDBDialect
INFO main org.hibernate.transaction.TransactionFactoryFactory - Using default transaction strategy (direct JDBC transactions)
INFO main org.hibernate.transaction.TransactionManagerLookupFactory - No TransactionManagerLookup configured (in JTA environment, use of read-write or transactional second-level cache is not recommended)
INFO main org.hibernate.cfg.SettingsFactory - Automatic flush during beforeCompletion(): disabled
INFO main org.hibernate.cfg.SettingsFactory - Automatic session close at end of transaction: disabled
INFO main org.hibernate.cfg.SettingsFactory - JDBC batch size: 15
INFO main org.hibernate.cfg.SettingsFactory - JDBC batch updates for versioned data: disabled
INFO main org.hibernate.cfg.SettingsFactory - Scrollable result sets: enabled
INFO main org.hibernate.cfg.SettingsFactory - JDBC3 getGeneratedKeys(): enabled
INFO main org.hibernate.cfg.SettingsFactory - Connection release mode: auto
INFO main org.hibernate.cfg.SettingsFactory - Maximum outer join fetch depth: 2
INFO main org.hibernate.cfg.SettingsFactory - Default batch fetch size: 1
INFO main org.hibernate.cfg.SettingsFactory - Generate SQL with comments: disabled
INFO main org.hibernate.cfg.SettingsFactory - Order SQL updates by primary key: disabled
INFO main org.hibernate.cfg.SettingsFactory - Order SQL inserts for batching: disabled
INFO main org.hibernate.cfg.SettingsFactory - Query translator: org.hibernate.hql.ast.ASTQueryTranslatorFactory
INFO main org.hibernate.hql.ast.ASTQueryTranslatorFactory - Using ASTQueryTranslatorFactory
INFO main org.hibernate.cfg.SettingsFactory - Query language substitutions: {}
INFO main org.hibernate.cfg.SettingsFactory - JPA-QL strict compliance: disabled
INFO main org.hibernate.cfg.SettingsFactory - Second-level cache: enabled
INFO main org.hibernate.cfg.SettingsFactory - Query cache: disabled
INFO main org.hibernate.cfg.SettingsFactory - Cache region factory : org.hibernate.cache.impl.NoCachingRegionFactory
INFO main org.hibernate.cfg.SettingsFactory - Optimize cache for minimal puts: disabled
INFO main org.hibernate.cfg.SettingsFactory - Structured second-level cache entries: disabled
INFO main org.hibernate.cfg.SettingsFactory - Statistics: disabled
INFO main org.hibernate.cfg.SettingsFactory - Deleted entity synthetic identifier rollback: disabled
INFO main org.hibernate.cfg.SettingsFactory - Default entity-mode: pojo
INFO main org.hibernate.cfg.SettingsFactory - Named query checking : enabled
INFO main org.hibernate.cfg.SettingsFactory - Check Nullability in Core (should be disabled when Bean Validation is on): enabled
INFO main org.hibernate.impl.SessionFactoryImpl - building session factory
INFO main org.hibernate.impl.SessionFactoryObjectFactory - Not binding factory to JNDI, no JNDI name configured
INFO main org.hibernate.annotations.common.Version - Hibernate Commons Annotations 3.2.0.Final
INFO main org.hibernate.cfg.Environment - Hibernate 3.6.0.Final
INFO main org.hibernate.cfg.Environment - hibernate.properties not found
INFO main org.hibernate.cfg.Environment - Bytecode provider name : javassist
INFO main org.hibernate.cfg.Environment - using JDK 1.4 java.sql.Timestamp handling
INFO main org.hibernate.cfg.Configuration - configuring from resource: /hibernate.cfg.xml
INFO main org.hibernate.cfg.Configuration - Configuration resource: /hibernate.cfg.xml
WARN main org.hibernate.util.DTDEntityResolver - recognized obsolete hibernate namespace http://hibernate.sourceforge.net/. Use namespace http://www.hibernate.org/dtd/ instead. Refer to Hibernate 3.6 Migration Guide!
INFO main org.hibernate.cfg.Configuration - Reading mappings from resource : com/drsun/model/User.hbm.xml
WARN main org.hibernate.util.DTDEntityResolver - recognized obsolete hibernate namespace http://hibernate.sourceforge.net/. Use namespace http://www.hibernate.org/dtd/ instead. Refer to Hibernate 3.6 Migration Guide!
INFO main org.hibernate.cfg.Configuration - Configured SessionFactory: null
INFO main org.hibernate.cfg.HbmBinder - Mapping class: com.drsun.model.User -> user
INFO main org.hibernate.cfg.Configuration - Hibernate Validator not found: ignoring
INFO main org.hibernate.cfg.search.HibernateSearchEventListenerRegister - Unable to find org.hibernate.search.event.FullTextIndexEventListener on the classpath. Hibernate Search is not enabled.
INFO main org.hibernate.connection.DriverManagerConnectionProvider - Using Hibernate built-in connection pool (not for production use!)
INFO main org.hibernate.connection.DriverManagerConnectionProvider - Hibernate connection pool size: 20
INFO main org.hibernate.connection.DriverManagerConnectionProvider - autocommit mode: false
INFO main org.hibernate.connection.DriverManagerConnectionProvider - using driver: com.mysql.jdbc.Driver at URL: jdbc:mysql://localhost:3306/psyorder
INFO main org.hibernate.connection.DriverManagerConnectionProvider - connection properties: {user=root, password=****}
INFO main org.hibernate.cfg.SettingsFactory - Database ->
       name : MySQL
    version : 5.5.22
      major : 5
      minor : 5
INFO main org.hibernate.cfg.SettingsFactory - Driver ->
       name : MySQL-AB JDBC Driver
    version : mysql-connector-java-5.1.18 ( Revision: tonci.grgin@oracle.com-20110930151701-jfj14ddfq48ifkfq )
      major : 5
      minor : 1
INFO main org.hibernate.dialect.Dialect - Using dialect: org.hibernate.dialect.MySQL5InnoDBDialect
INFO main org.hibernate.transaction.TransactionFactoryFactory - Using default transaction strategy (direct JDBC transactions)
INFO main org.hibernate.transaction.TransactionManagerLookupFactory - No TransactionManagerLookup configured (in JTA environment, use of read-write or transactional second-level cache is not recommended)
INFO main org.hibernate.cfg.SettingsFactory - Automatic flush during beforeCompletion(): disabled
INFO main org.hibernate.cfg.SettingsFactory - Automatic session close at end of transaction: disabled
INFO main org.hibernate.cfg.SettingsFactory - JDBC batch size: 15
INFO main org.hibernate.cfg.SettingsFactory - JDBC batch updates for versioned data: disabled
INFO main org.hibernate.cfg.SettingsFactory - Scrollable result sets: enabled
INFO main org.hibernate.cfg.SettingsFactory - JDBC3 getGeneratedKeys(): enabled
INFO main org.hibernate.cfg.SettingsFactory - Connection release mode: auto
INFO main org.hibernate.cfg.SettingsFactory - Maximum outer join fetch depth: 2
INFO main org.hibernate.cfg.SettingsFactory - Default batch fetch size: 1
INFO main org.hibernate.cfg.SettingsFactory - Generate SQL with comments: disabled
INFO main org.hibernate.cfg.SettingsFactory - Order SQL updates by primary key: disabled
INFO main org.hibernate.cfg.SettingsFactory - Order SQL inserts for batching: disabled
INFO main org.hibernate.cfg.SettingsFactory - Query translator: org.hibernate.hql.ast.ASTQueryTranslatorFactory
INFO main org.hibernate.hql.ast.ASTQueryTranslatorFactory - Using ASTQueryTranslatorFactory
INFO main org.hibernate.cfg.SettingsFactory - Query language substitutions: {}
INFO main org.hibernate.cfg.SettingsFactory - JPA-QL strict compliance: disabled
INFO main org.hibernate.cfg.SettingsFactory - Second-level cache: enabled
INFO main org.hibernate.cfg.SettingsFactory - Query cache: disabled
INFO main org.hibernate.cfg.SettingsFactory - Cache region factory : org.hibernate.cache.impl.NoCachingRegionFactory
INFO main org.hibernate.cfg.SettingsFactory - Optimize cache for minimal puts: disabled
INFO main org.hibernate.cfg.SettingsFactory - Structured second-level cache entries: disabled
INFO main org.hibernate.cfg.SettingsFactory - Statistics: disabled
INFO main org.hibernate.cfg.SettingsFactory - Deleted entity synthetic identifier rollback: disabled
INFO main org.hibernate.cfg.SettingsFactory - Default entity-mode: pojo
INFO main org.hibernate.cfg.SettingsFactory - Named query checking : enabled
INFO main org.hibernate.cfg.SettingsFactory - Check Nullability in Core (should be disabled when Bean Validation is on): enabled
INFO main org.hibernate.impl.SessionFactoryImpl - building session factory
INFO main org.hibernate.impl.SessionFactoryObjectFactory - Not binding factory to JNDI, no JNDI name configured
INFO main org.hibernate.annotations.common.Version - Hibernate Commons Annotations 3.2.0.Final
INFO main org.hibernate.cfg.Environment - Hibernate 3.6.0.Final
INFO main org.hibernate.cfg.Environment - hibernate.properties not found
INFO main org.hibernate.cfg.Environment - Bytecode provider name : javassist
INFO main org.hibernate.cfg.Environment - using JDK 1.4 java.sql.Timestamp handling
INFO main org.hibernate.cfg.Configuration - configuring from resource: /hibernate.cfg.xml
INFO main org.hibernate.cfg.Configuration - Configuration resource: /hibernate.cfg.xml
WARN main org.hibernate.util.DTDEntityResolver - recognized obsolete hibernate namespace http://hibernate.sourceforge.net/. Use namespace http://www.hibernate.org/dtd/ instead. Refer to Hibernate 3.6 Migration Guide!
INFO main org.hibernate.cfg.Configuration - Reading mappings from resource : com/drsun/model/User.hbm.xml
WARN main org.hibernate.util.DTDEntityResolver - recognized obsolete hibernate namespace http://hibernate.sourceforge.net/. Use namespace http://www.hibernate.org/dtd/ instead. Refer to Hibernate 3.6 Migration Guide!
INFO main org.hibernate.cfg.Configuration - Configured SessionFactory: null
INFO main org.hibernate.cfg.HbmBinder - Mapping class: com.drsun.model.User -> user
INFO main org.hibernate.cfg.Configuration - Hibernate Validator not found: ignoring
INFO main org.hibernate.cfg.search.HibernateSearchEventListenerRegister - Unable to find org.hibernate.search.event.FullTextIndexEventListener on the classpath. Hibernate Search is not enabled.
INFO main org.hibernate.connection.DriverManagerConnectionProvider - Using Hibernate built-in connection pool (not for production use!)
INFO main org.hibernate.connection.DriverManagerConnectionProvider - Hibernate connection pool size: 20
INFO main org.hibernate.connection.DriverManagerConnectionProvider - autocommit mode: false
INFO main org.hibernate.connection.DriverManagerConnectionProvider - using driver: com.mysql.jdbc.Driver at URL: jdbc:mysql://localhost:3306/psyorder
INFO main org.hibernate.connection.DriverManagerConnectionProvider - connection properties: {user=root, password=****}
INFO main org.hibernate.cfg.SettingsFactory - Database ->
       name : MySQL
    version : 5.5.22
      major : 5
      minor : 5
INFO main org.hibernate.cfg.SettingsFactory - Driver ->
       name : MySQL-AB JDBC Driver
    version : mysql-connector-java-5.1.18 ( Revision: tonci.grgin@oracle.com-20110930151701-jfj14ddfq48ifkfq )
      major : 5
      minor : 1
INFO main org.hibernate.dialect.Dialect - Using dialect: org.hibernate.dialect.MySQL5InnoDBDialect
INFO main org.hibernate.transaction.TransactionFactoryFactory - Using default transaction strategy (direct JDBC transactions)
INFO main org.hibernate.transaction.TransactionManagerLookupFactory - No TransactionManagerLookup configured (in JTA environment, use of read-write or transactional second-level cache is not recommended)
INFO main org.hibernate.cfg.SettingsFactory - Automatic flush during beforeCompletion(): disabled
INFO main org.hibernate.cfg.SettingsFactory - Automatic session close at end of transaction: disabled
INFO main org.hibernate.cfg.SettingsFactory - JDBC batch size: 15
INFO main org.hibernate.cfg.SettingsFactory - JDBC batch updates for versioned data: disabled
INFO main org.hibernate.cfg.SettingsFactory - Scrollable result sets: enabled
INFO main org.hibernate.cfg.SettingsFactory - JDBC3 getGeneratedKeys(): enabled
INFO main org.hibernate.cfg.SettingsFactory - Connection release mode: auto
INFO main org.hibernate.cfg.SettingsFactory - Maximum outer join fetch depth: 2
INFO main org.hibernate.cfg.SettingsFactory - Default batch fetch size: 1
INFO main org.hibernate.cfg.SettingsFactory - Generate SQL with comments: disabled
INFO main org.hibernate.cfg.SettingsFactory - Order SQL updates by primary key: disabled
INFO main org.hibernate.cfg.SettingsFactory - Order SQL inserts for batching: disabled
INFO main org.hibernate.cfg.SettingsFactory - Query translator: org.hibernate.hql.ast.ASTQueryTranslatorFactory
INFO main org.hibernate.hql.ast.ASTQueryTranslatorFactory - Using ASTQueryTranslatorFactory
INFO main org.hibernate.cfg.SettingsFactory - Query language substitutions: {}
INFO main org.hibernate.cfg.SettingsFactory - JPA-QL strict compliance: disabled
INFO main org.hibernate.cfg.SettingsFactory - Second-level cache: enabled
INFO main org.hibernate.cfg.SettingsFactory - Query cache: disabled
INFO main org.hibernate.cfg.SettingsFactory - Cache region factory : org.hibernate.cache.impl.NoCachingRegionFactory
INFO main org.hibernate.cfg.SettingsFactory - Optimize cache for minimal puts: disabled
INFO main org.hibernate.cfg.SettingsFactory - Structured second-level cache entries: disabled
INFO main org.hibernate.cfg.SettingsFactory - Statistics: disabled
INFO main org.hibernate.cfg.SettingsFactory - Deleted entity synthetic identifier rollback: disabled
INFO main org.hibernate.cfg.SettingsFactory - Default entity-mode: pojo
INFO main org.hibernate.cfg.SettingsFactory - Named query checking : enabled
INFO main org.hibernate.cfg.SettingsFactory - Check Nullability in Core (should be disabled when Bean Validation is on): enabled
INFO main org.hibernate.impl.SessionFactoryImpl - building session factory
INFO main org.hibernate.impl.SessionFactoryObjectFactory - Not binding factory to JNDI, no JNDI name configured
INFO main org.hibernate.annotations.common.Version - Hibernate Commons Annotations 3.2.0.Final
INFO main org.hibernate.cfg.Environment - Hibernate 3.6.0.Final
INFO main org.hibernate.cfg.Environment - hibernate.properties not found
INFO main org.hibernate.cfg.Environment - Bytecode provider name : javassist
INFO main org.hibernate.cfg.Environment - using JDK 1.4 java.sql.Timestamp handling
INFO main org.hibernate.cfg.Configuration - configuring from resource: /hibernate.cfg.xml
INFO main org.hibernate.cfg.Configuration - Configuration resource: /hibernate.cfg.xml
WARN main org.hibernate.util.DTDEntityResolver - recognized obsolete hibernate namespace http://hibernate.sourceforge.net/. Use namespace http://www.hibernate.org/dtd/ instead. Refer to Hibernate 3.6 Migration Guide!
INFO main org.hibernate.cfg.Configuration - Reading mappings from resource : com/drsun/model/User.hbm.xml
WARN main org.hibernate.util.DTDEntityResolver - recognized obsolete hibernate namespace http://hibernate.sourceforge.net/. Use namespace http://www.hibernate.org/dtd/ instead. Refer to Hibernate 3.6 Migration Guide!
INFO main org.hibernate.cfg.Configuration - Configured SessionFactory: null
INFO main org.hibernate.cfg.HbmBinder - Mapping class: com.drsun.model.User -> user
INFO main org.hibernate.cfg.Configuration - Hibernate Validator not found: ignoring
INFO main org.hibernate.cfg.search.HibernateSearchEventListenerRegister - Unable to find org.hibernate.search.event.FullTextIndexEventListener on the classpath. Hibernate Search is not enabled.
INFO main org.hibernate.connection.DriverManagerConnectionProvider - Using Hibernate built-in connection pool (not for production use!)
INFO main org.hibernate.connection.DriverManagerConnectionProvider - Hibernate connection pool size: 20
INFO main org.hibernate.connection.DriverManagerConnectionProvider - autocommit mode: false
INFO main org.hibernate.connection.DriverManagerConnectionProvider - using driver: com.mysql.jdbc.Driver at URL: jdbc:mysql://localhost:3306/psyorder
INFO main org.hibernate.connection.DriverManagerConnectionProvider - connection properties: {useUnicode=true, user=root, password=****, characterEncoding=UTF-8, charSet=UTF-8}
INFO main org.hibernate.cfg.SettingsFactory - Database ->
       name : MySQL
    version : 5.5.22
      major : 5
      minor : 5
INFO main org.hibernate.cfg.SettingsFactory - Driver ->
       name : MySQL-AB JDBC Driver
    version : mysql-connector-java-5.1.18 ( Revision: tonci.grgin@oracle.com-20110930151701-jfj14ddfq48ifkfq )
      major : 5
      minor : 1
INFO main org.hibernate.dialect.Dialect - Using dialect: org.hibernate.dialect.MySQL5InnoDBDialect
INFO main org.hibernate.transaction.TransactionFactoryFactory - Using default transaction strategy (direct JDBC transactions)
INFO main org.hibernate.transaction.TransactionManagerLookupFactory - No TransactionManagerLookup configured (in JTA environment, use of read-write or transactional second-level cache is not recommended)
INFO main org.hibernate.cfg.SettingsFactory - Automatic flush during beforeCompletion(): disabled
INFO main org.hibernate.cfg.SettingsFactory - Automatic session close at end of transaction: disabled
INFO main org.hibernate.cfg.SettingsFactory - JDBC batch size: 15
INFO main org.hibernate.cfg.SettingsFactory - JDBC batch updates for versioned data: disabled
INFO main org.hibernate.cfg.SettingsFactory - Scrollable result sets: enabled
INFO main org.hibernate.cfg.SettingsFactory - JDBC3 getGeneratedKeys(): enabled
INFO main org.hibernate.cfg.SettingsFactory - Connection release mode: auto
INFO main org.hibernate.cfg.SettingsFactory - Maximum outer join fetch depth: 2
INFO main org.hibernate.cfg.SettingsFactory - Default batch fetch size: 1
INFO main org.hibernate.cfg.SettingsFactory - Generate SQL with comments: disabled
INFO main org.hibernate.cfg.SettingsFactory - Order SQL updates by primary key: disabled
INFO main org.hibernate.cfg.SettingsFactory - Order SQL inserts for batching: disabled
INFO main org.hibernate.cfg.SettingsFactory - Query translator: org.hibernate.hql.ast.ASTQueryTranslatorFactory
INFO main org.hibernate.hql.ast.ASTQueryTranslatorFactory - Using ASTQueryTranslatorFactory
INFO main org.hibernate.cfg.SettingsFactory - Query language substitutions: {}
INFO main org.hibernate.cfg.SettingsFactory - JPA-QL strict compliance: disabled
INFO main org.hibernate.cfg.SettingsFactory - Second-level cache: enabled
INFO main org.hibernate.cfg.SettingsFactory - Query cache: disabled
INFO main org.hibernate.cfg.SettingsFactory - Cache region factory : org.hibernate.cache.impl.NoCachingRegionFactory
INFO main org.hibernate.cfg.SettingsFactory - Optimize cache for minimal puts: disabled
INFO main org.hibernate.cfg.SettingsFactory - Structured second-level cache entries: disabled
INFO main org.hibernate.cfg.SettingsFactory - Statistics: disabled
INFO main org.hibernate.cfg.SettingsFactory - Deleted entity synthetic identifier rollback: disabled
INFO main org.hibernate.cfg.SettingsFactory - Default entity-mode: pojo
INFO main org.hibernate.cfg.SettingsFactory - Named query checking : enabled
INFO main org.hibernate.cfg.SettingsFactory - Check Nullability in Core (should be disabled when Bean Validation is on): enabled
INFO main org.hibernate.impl.SessionFactoryImpl - building session factory
INFO main org.hibernate.impl.SessionFactoryObjectFactory - Not binding factory to JNDI, no JNDI name configured
INFO main org.hibernate.annotations.common.Version - Hibernate Commons Annotations 3.2.0.Final
INFO main org.hibernate.cfg.Environment - Hibernate 3.6.0.Final
INFO main org.hibernate.cfg.Environment - hibernate.properties not found
INFO main org.hibernate.cfg.Environment - Bytecode provider name : javassist
INFO main org.hibernate.cfg.Environment - using JDK 1.4 java.sql.Timestamp handling
INFO main org.hibernate.cfg.Configuration - configuring from resource: /hibernate.cfg.xml
INFO main org.hibernate.cfg.Configuration - Configuration resource: /hibernate.cfg.xml
WARN main org.hibernate.util.DTDEntityResolver - recognized obsolete hibernate namespace http://hibernate.sourceforge.net/. Use namespace http://www.hibernate.org/dtd/ instead. Refer to Hibernate 3.6 Migration Guide!
INFO main org.hibernate.cfg.Configuration - Reading mappings from resource : com/drsun/model/User.hbm.xml
WARN main org.hibernate.util.DTDEntityResolver - recognized obsolete hibernate namespace http://hibernate.sourceforge.net/. Use namespace http://www.hibernate.org/dtd/ instead. Refer to Hibernate 3.6 Migration Guide!
INFO main org.hibernate.cfg.Configuration - Configured SessionFactory: null
INFO main org.hibernate.cfg.HbmBinder - Mapping class: com.drsun.model.User -> user
INFO main org.hibernate.cfg.Configuration - Hibernate Validator not found: ignoring
INFO main org.hibernate.cfg.search.HibernateSearchEventListenerRegister - Unable to find org.hibernate.search.event.FullTextIndexEventListener on the classpath. Hibernate Search is not enabled.
INFO main org.hibernate.connection.DriverManagerConnectionProvider - Using Hibernate built-in connection pool (not for production use!)
INFO main org.hibernate.connection.DriverManagerConnectionProvider - Hibernate connection pool size: 20
INFO main org.hibernate.connection.DriverManagerConnectionProvider - autocommit mode: false
INFO main org.hibernate.connection.DriverManagerConnectionProvider - using driver: com.mysql.jdbc.Driver at URL: jdbc:mysql://localhost:3306/psyorder
INFO main org.hibernate.connection.DriverManagerConnectionProvider - connection properties: {useUnicode=true, user=root, password=****, characterEncoding=UTF-8, charSet=UTF-8}
INFO main org.hibernate.cfg.SettingsFactory - Database ->
       name : MySQL
    version : 5.5.22
      major : 5
      minor : 5
INFO main org.hibernate.cfg.SettingsFactory - Driver ->
       name : MySQL-AB JDBC Driver
    version : mysql-connector-java-5.1.18 ( Revision: tonci.grgin@oracle.com-20110930151701-jfj14ddfq48ifkfq )
      major : 5
      minor : 1
INFO main org.hibernate.dialect.Dialect - Using dialect: org.hibernate.dialect.MySQL5InnoDBDialect
INFO main org.hibernate.transaction.TransactionFactoryFactory - Using default transaction strategy (direct JDBC transactions)
INFO main org.hibernate.transaction.TransactionManagerLookupFactory - No TransactionManagerLookup configured (in JTA environment, use of read-write or transactional second-level cache is not recommended)
INFO main org.hibernate.cfg.SettingsFactory - Automatic flush during beforeCompletion(): disabled
INFO main org.hibernate.cfg.SettingsFactory - Automatic session close at end of transaction: disabled
INFO main org.hibernate.cfg.SettingsFactory - JDBC batch size: 15
INFO main org.hibernate.cfg.SettingsFactory - JDBC batch updates for versioned data: disabled
INFO main org.hibernate.cfg.SettingsFactory - Scrollable result sets: enabled
INFO main org.hibernate.cfg.SettingsFactory - JDBC3 getGeneratedKeys(): enabled
INFO main org.hibernate.cfg.SettingsFactory - Connection release mode: auto
INFO main org.hibernate.cfg.SettingsFactory - Maximum outer join fetch depth: 2
INFO main org.hibernate.cfg.SettingsFactory - Default batch fetch size: 1
INFO main org.hibernate.cfg.SettingsFactory - Generate SQL with comments: disabled
INFO main org.hibernate.cfg.SettingsFactory - Order SQL updates by primary key: disabled
INFO main org.hibernate.cfg.SettingsFactory - Order SQL inserts for batching: disabled
INFO main org.hibernate.cfg.SettingsFactory - Query translator: org.hibernate.hql.ast.ASTQueryTranslatorFactory
INFO main org.hibernate.hql.ast.ASTQueryTranslatorFactory - Using ASTQueryTranslatorFactory
INFO main org.hibernate.cfg.SettingsFactory - Query language substitutions: {}
INFO main org.hibernate.cfg.SettingsFactory - JPA-QL strict compliance: disabled
INFO main org.hibernate.cfg.SettingsFactory - Second-level cache: enabled
INFO main org.hibernate.cfg.SettingsFactory - Query cache: disabled
INFO main org.hibernate.cfg.SettingsFactory - Cache region factory : org.hibernate.cache.impl.NoCachingRegionFactory
INFO main org.hibernate.cfg.SettingsFactory - Optimize cache for minimal puts: disabled
INFO main org.hibernate.cfg.SettingsFactory - Structured second-level cache entries: disabled
INFO main org.hibernate.cfg.SettingsFactory - Statistics: disabled
INFO main org.hibernate.cfg.SettingsFactory - Deleted entity synthetic identifier rollback: disabled
INFO main org.hibernate.cfg.SettingsFactory - Default entity-mode: pojo
INFO main org.hibernate.cfg.SettingsFactory - Named query checking : enabled
INFO main org.hibernate.cfg.SettingsFactory - Check Nullability in Core (should be disabled when Bean Validation is on): enabled
INFO main org.hibernate.impl.SessionFactoryImpl - building session factory
INFO main org.hibernate.impl.SessionFactoryObjectFactory - Not binding factory to JNDI, no JNDI name configured
INFO main org.hibernate.annotations.common.Version - Hibernate Commons Annotations 3.2.0.Final
INFO main org.hibernate.cfg.Environment - Hibernate 3.6.0.Final
INFO main org.hibernate.cfg.Environment - hibernate.properties not found
INFO main org.hibernate.cfg.Environment - Bytecode provider name : javassist
INFO main org.hibernate.cfg.Environment - using JDK 1.4 java.sql.Timestamp handling
INFO main org.hibernate.cfg.Configuration - configuring from resource: /hibernate.cfg.xml
INFO main org.hibernate.cfg.Configuration - Configuration resource: /hibernate.cfg.xml
WARN main org.hibernate.util.DTDEntityResolver - recognized obsolete hibernate namespace http://hibernate.sourceforge.net/. Use namespace http://www.hibernate.org/dtd/ instead. Refer to Hibernate 3.6 Migration Guide!
INFO main org.hibernate.cfg.Configuration - Reading mappings from resource : com/drsun/model/User.hbm.xml
WARN main org.hibernate.util.DTDEntityResolver - recognized obsolete hibernate namespace http://hibernate.sourceforge.net/. Use namespace http://www.hibernate.org/dtd/ instead. Refer to Hibernate 3.6 Migration Guide!
INFO main org.hibernate.cfg.Configuration - Configured SessionFactory: null
INFO main org.hibernate.cfg.HbmBinder - Mapping class: com.drsun.model.User -> user
INFO main org.hibernate.cfg.Configuration - Hibernate Validator not found: ignoring
INFO main org.hibernate.cfg.search.HibernateSearchEventListenerRegister - Unable to find org.hibernate.search.event.FullTextIndexEventListener on the classpath. Hibernate Search is not enabled.
INFO main org.hibernate.connection.DriverManagerConnectionProvider - Using Hibernate built-in connection pool (not for production use!)
INFO main org.hibernate.connection.DriverManagerConnectionProvider - Hibernate connection pool size: 20
INFO main org.hibernate.connection.DriverManagerConnectionProvider - autocommit mode: false
INFO main org.hibernate.connection.DriverManagerConnectionProvider - using driver: com.mysql.jdbc.Driver at URL: jdbc:mysql://localhost:3306/psyorder
INFO main org.hibernate.connection.DriverManagerConnectionProvider - connection properties: {useUnicode=true, user=root, password=****, characterEncoding=UTF-8, charSet=UTF-8}
INFO main org.hibernate.cfg.SettingsFactory - Database ->
       name : MySQL
    version : 5.5.22
      major : 5
      minor : 5
INFO main org.hibernate.cfg.SettingsFactory - Driver ->
       name : MySQL-AB JDBC Driver
    version : mysql-connector-java-5.1.18 ( Revision: tonci.grgin@oracle.com-20110930151701-jfj14ddfq48ifkfq )
      major : 5
      minor : 1
INFO main org.hibernate.dialect.Dialect - Using dialect: org.hibernate.dialect.MySQL5InnoDBDialect
INFO main org.hibernate.transaction.TransactionFactoryFactory - Using default transaction strategy (direct JDBC transactions)
INFO main org.hibernate.transaction.TransactionManagerLookupFactory - No TransactionManagerLookup configured (in JTA environment, use of read-write or transactional second-level cache is not recommended)
INFO main org.hibernate.cfg.SettingsFactory - Automatic flush during beforeCompletion(): disabled
INFO main org.hibernate.cfg.SettingsFactory - Automatic session close at end of transaction: disabled
INFO main org.hibernate.cfg.SettingsFactory - JDBC batch size: 15
INFO main org.hibernate.cfg.SettingsFactory - JDBC batch updates for versioned data: disabled
INFO main org.hibernate.cfg.SettingsFactory - Scrollable result sets: enabled
INFO main org.hibernate.cfg.SettingsFactory - JDBC3 getGeneratedKeys(): enabled
INFO main org.hibernate.cfg.SettingsFactory - Connection release mode: auto
INFO main org.hibernate.cfg.SettingsFactory - Maximum outer join fetch depth: 2
INFO main org.hibernate.cfg.SettingsFactory - Default batch fetch size: 1
INFO main org.hibernate.cfg.SettingsFactory - Generate SQL with comments: disabled
INFO main org.hibernate.cfg.SettingsFactory - Order SQL updates by primary key: disabled
INFO main org.hibernate.cfg.SettingsFactory - Order SQL inserts for batching: disabled
INFO main org.hibernate.cfg.SettingsFactory - Query translator: org.hibernate.hql.ast.ASTQueryTranslatorFactory
INFO main org.hibernate.hql.ast.ASTQueryTranslatorFactory - Using ASTQueryTranslatorFactory
INFO main org.hibernate.cfg.SettingsFactory - Query language substitutions: {}
INFO main org.hibernate.cfg.SettingsFactory - JPA-QL strict compliance: disabled
INFO main org.hibernate.cfg.SettingsFactory - Second-level cache: enabled
INFO main org.hibernate.cfg.SettingsFactory - Query cache: disabled
INFO main org.hibernate.cfg.SettingsFactory - Cache region factory : org.hibernate.cache.impl.NoCachingRegionFactory
INFO main org.hibernate.cfg.SettingsFactory - Optimize cache for minimal puts: disabled
INFO main org.hibernate.cfg.SettingsFactory - Structured second-level cache entries: disabled
INFO main org.hibernate.cfg.SettingsFactory - Statistics: disabled
INFO main org.hibernate.cfg.SettingsFactory - Deleted entity synthetic identifier rollback: disabled
INFO main org.hibernate.cfg.SettingsFactory - Default entity-mode: pojo
INFO main org.hibernate.cfg.SettingsFactory - Named query checking : enabled
INFO main org.hibernate.cfg.SettingsFactory - Check Nullability in Core (should be disabled when Bean Validation is on): enabled
INFO main org.hibernate.impl.SessionFactoryImpl - building session factory
INFO main org.hibernate.impl.SessionFactoryObjectFactory - Not binding factory to JNDI, no JNDI name configured
INFO main org.hibernate.annotations.common.Version - Hibernate Commons Annotations 3.2.0.Final
INFO main org.hibernate.cfg.Environment - Hibernate 3.6.0.Final
INFO main org.hibernate.cfg.Environment - hibernate.properties not found
INFO main org.hibernate.cfg.Environment - Bytecode provider name : javassist
INFO main org.hibernate.cfg.Environment - using JDK 1.4 java.sql.Timestamp handling
INFO main org.hibernate.cfg.Configuration - configuring from resource: /hibernate.cfg.xml
INFO main org.hibernate.cfg.Configuration - Configuration resource: /hibernate.cfg.xml
WARN main org.hibernate.util.DTDEntityResolver - recognized obsolete hibernate namespace http://hibernate.sourceforge.net/. Use namespace http://www.hibernate.org/dtd/ instead. Refer to Hibernate 3.6 Migration Guide!
INFO main org.hibernate.cfg.Configuration - Reading mappings from resource : com/drsun/model/User.hbm.xml
WARN main org.hibernate.util.DTDEntityResolver - recognized obsolete hibernate namespace http://hibernate.sourceforge.net/. Use namespace http://www.hibernate.org/dtd/ instead. Refer to Hibernate 3.6 Migration Guide!
INFO main org.hibernate.cfg.Configuration - Configured SessionFactory: null
INFO main org.hibernate.cfg.HbmBinder - Mapping class: com.drsun.model.User -> user
INFO main org.hibernate.cfg.Configuration - Hibernate Validator not found: ignoring
INFO main org.hibernate.cfg.search.HibernateSearchEventListenerRegister - Unable to find org.hibernate.search.event.FullTextIndexEventListener on the classpath. Hibernate Search is not enabled.
INFO main org.hibernate.connection.DriverManagerConnectionProvider - Using Hibernate built-in connection pool (not for production use!)
INFO main org.hibernate.connection.DriverManagerConnectionProvider - Hibernate connection pool size: 20
INFO main org.hibernate.connection.DriverManagerConnectionProvider - autocommit mode: false
INFO main org.hibernate.connection.DriverManagerConnectionProvider - using driver: com.mysql.jdbc.Driver at URL: jdbc:mysql://localhost:3306/psyorder
INFO main org.hibernate.connection.DriverManagerConnectionProvider - connection properties: {useUnicode=true, user=root, password=****, characterEncoding=UTF-8, charSet=UTF-8}
INFO main org.hibernate.cfg.SettingsFactory - Database ->
       name : MySQL
    version : 5.5.22
      major : 5
      minor : 5
INFO main org.hibernate.cfg.SettingsFactory - Driver ->
       name : MySQL-AB JDBC Driver
    version : mysql-connector-java-5.1.18 ( Revision: tonci.grgin@oracle.com-20110930151701-jfj14ddfq48ifkfq )
      major : 5
      minor : 1
INFO main org.hibernate.dialect.Dialect - Using dialect: org.hibernate.dialect.MySQL5InnoDBDialect
INFO main org.hibernate.transaction.TransactionFactoryFactory - Using default transaction strategy (direct JDBC transactions)
INFO main org.hibernate.transaction.TransactionManagerLookupFactory - No TransactionManagerLookup configured (in JTA environment, use of read-write or transactional second-level cache is not recommended)
INFO main org.hibernate.cfg.SettingsFactory - Automatic flush during beforeCompletion(): disabled
INFO main org.hibernate.cfg.SettingsFactory - Automatic session close at end of transaction: disabled
INFO main org.hibernate.cfg.SettingsFactory - JDBC batch size: 15
INFO main org.hibernate.cfg.SettingsFactory - JDBC batch updates for versioned data: disabled
INFO main org.hibernate.cfg.SettingsFactory - Scrollable result sets: enabled
INFO main org.hibernate.cfg.SettingsFactory - JDBC3 getGeneratedKeys(): enabled
INFO main org.hibernate.cfg.SettingsFactory - Connection release mode: auto
INFO main org.hibernate.cfg.SettingsFactory - Maximum outer join fetch depth: 2
INFO main org.hibernate.cfg.SettingsFactory - Default batch fetch size: 1
INFO main org.hibernate.cfg.SettingsFactory - Generate SQL with comments: disabled
INFO main org.hibernate.cfg.SettingsFactory - Order SQL updates by primary key: disabled
INFO main org.hibernate.cfg.SettingsFactory - Order SQL inserts for batching: disabled
INFO main org.hibernate.cfg.SettingsFactory - Query translator: org.hibernate.hql.ast.ASTQueryTranslatorFactory
INFO main org.hibernate.hql.ast.ASTQueryTranslatorFactory - Using ASTQueryTranslatorFactory
INFO main org.hibernate.cfg.SettingsFactory - Query language substitutions: {}
INFO main org.hibernate.cfg.SettingsFactory - JPA-QL strict compliance: disabled
INFO main org.hibernate.cfg.SettingsFactory - Second-level cache: enabled
INFO main org.hibernate.cfg.SettingsFactory - Query cache: disabled
INFO main org.hibernate.cfg.SettingsFactory - Cache region factory : org.hibernate.cache.impl.NoCachingRegionFactory
INFO main org.hibernate.cfg.SettingsFactory - Optimize cache for minimal puts: disabled
INFO main org.hibernate.cfg.SettingsFactory - Structured second-level cache entries: disabled
INFO main org.hibernate.cfg.SettingsFactory - Statistics: disabled
INFO main org.hibernate.cfg.SettingsFactory - Deleted entity synthetic identifier rollback: disabled
INFO main org.hibernate.cfg.SettingsFactory - Default entity-mode: pojo
INFO main org.hibernate.cfg.SettingsFactory - Named query checking : enabled
INFO main org.hibernate.cfg.SettingsFactory - Check Nullability in Core (should be disabled when Bean Validation is on): enabled
INFO main org.hibernate.impl.SessionFactoryImpl - building session factory
INFO main org.hibernate.impl.SessionFactoryObjectFactory - Not binding factory to JNDI, no JNDI name configured
INFO main org.hibernate.annotations.common.Version - Hibernate Commons Annotations 3.2.0.Final
INFO main org.hibernate.cfg.Environment - Hibernate 3.6.0.Final
INFO main org.hibernate.cfg.Environment - hibernate.properties not found
INFO main org.hibernate.cfg.Environment - Bytecode provider name : javassist
INFO main org.hibernate.cfg.Environment - using JDK 1.4 java.sql.Timestamp handling
INFO main org.hibernate.cfg.Configuration - configuring from resource: /hibernate.cfg.xml
INFO main org.hibernate.cfg.Configuration - Configuration resource: /hibernate.cfg.xml
WARN main org.hibernate.util.DTDEntityResolver - recognized obsolete hibernate namespace http://hibernate.sourceforge.net/. Use namespace http://www.hibernate.org/dtd/ instead. Refer to Hibernate 3.6 Migration Guide!
INFO main org.hibernate.cfg.Configuration - Reading mappings from resource : com/drsun/model/User.hbm.xml
WARN main org.hibernate.util.DTDEntityResolver - recognized obsolete hibernate namespace http://hibernate.sourceforge.net/. Use namespace http://www.hibernate.org/dtd/ instead. Refer to Hibernate 3.6 Migration Guide!
INFO main org.hibernate.cfg.Configuration - Configured SessionFactory: null
INFO main org.hibernate.cfg.HbmBinder - Mapping class: com.drsun.model.User -> user
INFO main org.hibernate.cfg.Configuration - Hibernate Validator not found: ignoring
INFO main org.hibernate.cfg.search.HibernateSearchEventListenerRegister - Unable to find org.hibernate.search.event.FullTextIndexEventListener on the classpath. Hibernate Search is not enabled.
INFO main org.hibernate.connection.DriverManagerConnectionProvider - Using Hibernate built-in connection pool (not for production use!)
INFO main org.hibernate.connection.DriverManagerConnectionProvider - Hibernate connection pool size: 20
INFO main org.hibernate.connection.DriverManagerConnectionProvider - autocommit mode: false
INFO main org.hibernate.connection.DriverManagerConnectionProvider - using driver: com.mysql.jdbc.Driver at URL: jdbc:mysql://localhost:3306/psyorder
INFO main org.hibernate.connection.DriverManagerConnectionProvider - connection properties: {useUnicode=true, user=root, password=****, characterEncoding=UTF-8, charSet=UTF-8}
INFO main org.hibernate.cfg.SettingsFactory - Database ->
       name : MySQL
    version : 5.5.22
      major : 5
      minor : 5
INFO main org.hibernate.cfg.SettingsFactory - Driver ->
       name : MySQL-AB JDBC Driver
    version : mysql-connector-java-5.1.18 ( Revision: tonci.grgin@oracle.com-20110930151701-jfj14ddfq48ifkfq )
      major : 5
      minor : 1
INFO main org.hibernate.dialect.Dialect - Using dialect: org.hibernate.dialect.MySQL5InnoDBDialect
INFO main org.hibernate.transaction.TransactionFactoryFactory - Using default transaction strategy (direct JDBC transactions)
INFO main org.hibernate.transaction.TransactionManagerLookupFactory - No TransactionManagerLookup configured (in JTA environment, use of read-write or transactional second-level cache is not recommended)
INFO main org.hibernate.cfg.SettingsFactory - Automatic flush during beforeCompletion(): disabled
INFO main org.hibernate.cfg.SettingsFactory - Automatic session close at end of transaction: disabled
INFO main org.hibernate.cfg.SettingsFactory - JDBC batch size: 15
INFO main org.hibernate.cfg.SettingsFactory - JDBC batch updates for versioned data: disabled
INFO main org.hibernate.cfg.SettingsFactory - Scrollable result sets: enabled
INFO main org.hibernate.cfg.SettingsFactory - JDBC3 getGeneratedKeys(): enabled
INFO main org.hibernate.cfg.SettingsFactory - Connection release mode: auto
INFO main org.hibernate.cfg.SettingsFactory - Maximum outer join fetch depth: 2
INFO main org.hibernate.cfg.SettingsFactory - Default batch fetch size: 1
INFO main org.hibernate.cfg.SettingsFactory - Generate SQL with comments: disabled
INFO main org.hibernate.cfg.SettingsFactory - Order SQL updates by primary key: disabled
INFO main org.hibernate.cfg.SettingsFactory - Order SQL inserts for batching: disabled
INFO main org.hibernate.cfg.SettingsFactory - Query translator: org.hibernate.hql.ast.ASTQueryTranslatorFactory
INFO main org.hibernate.hql.ast.ASTQueryTranslatorFactory - Using ASTQueryTranslatorFactory
INFO main org.hibernate.cfg.SettingsFactory - Query language substitutions: {}
INFO main org.hibernate.cfg.SettingsFactory - JPA-QL strict compliance: disabled
INFO main org.hibernate.cfg.SettingsFactory - Second-level cache: enabled
INFO main org.hibernate.cfg.SettingsFactory - Query cache: disabled
INFO main org.hibernate.cfg.SettingsFactory - Cache region factory : org.hibernate.cache.impl.NoCachingRegionFactory
INFO main org.hibernate.cfg.SettingsFactory - Optimize cache for minimal puts: disabled
INFO main org.hibernate.cfg.SettingsFactory - Structured second-level cache entries: disabled
INFO main org.hibernate.cfg.SettingsFactory - Statistics: disabled
INFO main org.hibernate.cfg.SettingsFactory - Deleted entity synthetic identifier rollback: disabled
INFO main org.hibernate.cfg.SettingsFactory - Default entity-mode: pojo
INFO main org.hibernate.cfg.SettingsFactory - Named query checking : enabled
INFO main org.hibernate.cfg.SettingsFactory - Check Nullability in Core (should be disabled when Bean Validation is on): enabled
INFO main org.hibernate.impl.SessionFactoryImpl - building session factory
INFO main org.hibernate.impl.SessionFactoryObjectFactory - Not binding factory to JNDI, no JNDI name configured
INFO main org.hibernate.annotations.common.Version - Hibernate Commons Annotations 3.2.0.Final
INFO main org.hibernate.cfg.Environment - Hibernate 3.6.0.Final
INFO main org.hibernate.cfg.Environment - hibernate.properties not found
INFO main org.hibernate.cfg.Environment - Bytecode provider name : javassist
INFO main org.hibernate.cfg.Environment - using JDK 1.4 java.sql.Timestamp handling
INFO main org.hibernate.cfg.Configuration - configuring from resource: /hibernate.cfg.xml
INFO main org.hibernate.cfg.Configuration - Configuration resource: /hibernate.cfg.xml
WARN main org.hibernate.util.DTDEntityResolver - recognized obsolete hibernate namespace http://hibernate.sourceforge.net/. Use namespace http://www.hibernate.org/dtd/ instead. Refer to Hibernate 3.6 Migration Guide!
INFO main org.hibernate.cfg.Configuration - Reading mappings from resource : com/drsun/model/User.hbm.xml
WARN main org.hibernate.util.DTDEntityResolver - recognized obsolete hibernate namespace http://hibernate.sourceforge.net/. Use namespace http://www.hibernate.org/dtd/ instead. Refer to Hibernate 3.6 Migration Guide!
INFO main org.hibernate.cfg.Configuration - Configured SessionFactory: null
INFO main org.hibernate.cfg.HbmBinder - Mapping class: com.drsun.model.User -> user
INFO main org.hibernate.cfg.Configuration - Hibernate Validator not found: ignoring
INFO main org.hibernate.cfg.search.HibernateSearchEventListenerRegister - Unable to find org.hibernate.search.event.FullTextIndexEventListener on the classpath. Hibernate Search is not enabled.
INFO main org.hibernate.connection.DriverManagerConnectionProvider - Using Hibernate built-in connection pool (not for production use!)
INFO main org.hibernate.connection.DriverManagerConnectionProvider - Hibernate connection pool size: 20
INFO main org.hibernate.connection.DriverManagerConnectionProvider - autocommit mode: false
INFO main org.hibernate.connection.DriverManagerConnectionProvider - using driver: com.mysql.jdbc.Driver at URL: jdbc:mysql://localhost:3306/psyorder
INFO main org.hibernate.connection.DriverManagerConnectionProvider - connection properties: {useUnicode=true, user=root, password=****, characterEncoding=UTF-8, charSet=UTF-8}
INFO main org.hibernate.cfg.SettingsFactory - Database ->
       name : MySQL
    version : 5.5.22
      major : 5
      minor : 5
INFO main org.hibernate.cfg.SettingsFactory - Driver ->
       name : MySQL-AB JDBC Driver
    version : mysql-connector-java-5.1.18 ( Revision: tonci.grgin@oracle.com-20110930151701-jfj14ddfq48ifkfq )
      major : 5
      minor : 1
INFO main org.hibernate.dialect.Dialect - Using dialect: org.hibernate.dialect.MySQL5InnoDBDialect
INFO main org.hibernate.transaction.TransactionFactoryFactory - Using default transaction strategy (direct JDBC transactions)
INFO main org.hibernate.transaction.TransactionManagerLookupFactory - No TransactionManagerLookup configured (in JTA environment, use of read-write or transactional second-level cache is not recommended)
INFO main org.hibernate.cfg.SettingsFactory - Automatic flush during beforeCompletion(): disabled
INFO main org.hibernate.cfg.SettingsFactory - Automatic session close at end of transaction: disabled
INFO main org.hibernate.cfg.SettingsFactory - JDBC batch size: 15
INFO main org.hibernate.cfg.SettingsFactory - JDBC batch updates for versioned data: disabled
INFO main org.hibernate.cfg.SettingsFactory - Scrollable result sets: enabled
INFO main org.hibernate.cfg.SettingsFactory - JDBC3 getGeneratedKeys(): enabled
INFO main org.hibernate.cfg.SettingsFactory - Connection release mode: auto
INFO main org.hibernate.cfg.SettingsFactory - Maximum outer join fetch depth: 2
INFO main org.hibernate.cfg.SettingsFactory - Default batch fetch size: 1
INFO main org.hibernate.cfg.SettingsFactory - Generate SQL with comments: disabled
INFO main org.hibernate.cfg.SettingsFactory - Order SQL updates by primary key: disabled
INFO main org.hibernate.cfg.SettingsFactory - Order SQL inserts for batching: disabled
INFO main org.hibernate.cfg.SettingsFactory - Query translator: org.hibernate.hql.ast.ASTQueryTranslatorFactory
INFO main org.hibernate.hql.ast.ASTQueryTranslatorFactory - Using ASTQueryTranslatorFactory
INFO main org.hibernate.cfg.SettingsFactory - Query language substitutions: {}
INFO main org.hibernate.cfg.SettingsFactory - JPA-QL strict compliance: disabled
INFO main org.hibernate.cfg.SettingsFactory - Second-level cache: enabled
INFO main org.hibernate.cfg.SettingsFactory - Query cache: disabled
INFO main org.hibernate.cfg.SettingsFactory - Cache region factory : org.hibernate.cache.impl.NoCachingRegionFactory
INFO main org.hibernate.cfg.SettingsFactory - Optimize cache for minimal puts: disabled
INFO main org.hibernate.cfg.SettingsFactory - Structured second-level cache entries: disabled
INFO main org.hibernate.cfg.SettingsFactory - Statistics: disabled
INFO main org.hibernate.cfg.SettingsFactory - Deleted entity synthetic identifier rollback: disabled
INFO main org.hibernate.cfg.SettingsFactory - Default entity-mode: pojo
INFO main org.hibernate.cfg.SettingsFactory - Named query checking : enabled
INFO main org.hibernate.cfg.SettingsFactory - Check Nullability in Core (should be disabled when Bean Validation is on): enabled
INFO main org.hibernate.impl.SessionFactoryImpl - building session factory
INFO main org.hibernate.impl.SessionFactoryObjectFactory - Not binding factory to JNDI, no JNDI name configured
INFO main org.hibernate.annotations.common.Version - Hibernate Commons Annotations 3.2.0.Final
INFO main org.hibernate.cfg.Environment - Hibernate 3.6.0.Final
INFO main org.hibernate.cfg.Environment - hibernate.properties not found
INFO main org.hibernate.cfg.Environment - Bytecode provider name : javassist
INFO main org.hibernate.cfg.Environment - using JDK 1.4 java.sql.Timestamp handling
INFO main org.hibernate.cfg.Configuration - configuring from resource: /hibernate.cfg.xml
INFO main org.hibernate.cfg.Configuration - Configuration resource: /hibernate.cfg.xml
WARN main org.hibernate.util.DTDEntityResolver - recognized obsolete hibernate namespace http://hibernate.sourceforge.net/. Use namespace http://www.hibernate.org/dtd/ instead. Refer to Hibernate 3.6 Migration Guide!
INFO main org.hibernate.cfg.Configuration - Reading mappings from resource : com/drsun/model/User.hbm.xml
WARN main org.hibernate.util.DTDEntityResolver - recognized obsolete hibernate namespace http://hibernate.sourceforge.net/. Use namespace http://www.hibernate.org/dtd/ instead. Refer to Hibernate 3.6 Migration Guide!
INFO main org.hibernate.cfg.Configuration - Configured SessionFactory: null
INFO main org.hibernate.cfg.HbmBinder - Mapping class: com.drsun.model.User -> user
INFO main org.hibernate.cfg.Configuration - Hibernate Validator not found: ignoring
INFO main org.hibernate.cfg.search.HibernateSearchEventListenerRegister - Unable to find org.hibernate.search.event.FullTextIndexEventListener on the classpath. Hibernate Search is not enabled.
INFO main org.hibernate.connection.DriverManagerConnectionProvider - Using Hibernate built-in connection pool (not for production use!)
INFO main org.hibernate.connection.DriverManagerConnectionProvider - Hibernate connection pool size: 20
INFO main org.hibernate.connection.DriverManagerConnectionProvider - autocommit mode: false
INFO main org.hibernate.connection.DriverManagerConnectionProvider - using driver: com.mysql.jdbc.Driver at URL: jdbc:mysql://localhost:3306/psyorder
INFO main org.hibernate.connection.DriverManagerConnectionProvider - connection properties: {useUnicode=true, user=root, password=****, characterEncoding=UTF-8, charSet=UTF-8}
INFO main org.hibernate.cfg.SettingsFactory - Database ->
       name : MySQL
    version : 5.5.22
      major : 5
      minor : 5
INFO main org.hibernate.cfg.SettingsFactory - Driver ->
       name : MySQL-AB JDBC Driver
    version : mysql-connector-java-5.1.18 ( Revision: tonci.grgin@oracle.com-20110930151701-jfj14ddfq48ifkfq )
      major : 5
      minor : 1
INFO main org.hibernate.dialect.Dialect - Using dialect: org.hibernate.dialect.MySQL5InnoDBDialect
INFO main org.hibernate.transaction.TransactionFactoryFactory - Using default transaction strategy (direct JDBC transactions)
INFO main org.hibernate.transaction.TransactionManagerLookupFactory - No TransactionManagerLookup configured (in JTA environment, use of read-write or transactional second-level cache is not recommended)
INFO main org.hibernate.cfg.SettingsFactory - Automatic flush during beforeCompletion(): disabled
INFO main org.hibernate.cfg.SettingsFactory - Automatic session close at end of transaction: disabled
INFO main org.hibernate.cfg.SettingsFactory - JDBC batch size: 15
INFO main org.hibernate.cfg.SettingsFactory - JDBC batch updates for versioned data: disabled
INFO main org.hibernate.cfg.SettingsFactory - Scrollable result sets: enabled
INFO main org.hibernate.cfg.SettingsFactory - JDBC3 getGeneratedKeys(): enabled
INFO main org.hibernate.cfg.SettingsFactory - Connection release mode: auto
INFO main org.hibernate.cfg.SettingsFactory - Maximum outer join fetch depth: 2
INFO main org.hibernate.cfg.SettingsFactory - Default batch fetch size: 1
INFO main org.hibernate.cfg.SettingsFactory - Generate SQL with comments: disabled
INFO main org.hibernate.cfg.SettingsFactory - Order SQL updates by primary key: disabled
INFO main org.hibernate.cfg.SettingsFactory - Order SQL inserts for batching: disabled
INFO main org.hibernate.cfg.SettingsFactory - Query translator: org.hibernate.hql.ast.ASTQueryTranslatorFactory
INFO main org.hibernate.hql.ast.ASTQueryTranslatorFactory - Using ASTQueryTranslatorFactory
INFO main org.hibernate.cfg.SettingsFactory - Query language substitutions: {}
INFO main org.hibernate.cfg.SettingsFactory - JPA-QL strict compliance: disabled
INFO main org.hibernate.cfg.SettingsFactory - Second-level cache: enabled
INFO main org.hibernate.cfg.SettingsFactory - Query cache: disabled
INFO main org.hibernate.cfg.SettingsFactory - Cache region factory : org.hibernate.cache.impl.NoCachingRegionFactory
INFO main org.hibernate.cfg.SettingsFactory - Optimize cache for minimal puts: disabled
INFO main org.hibernate.cfg.SettingsFactory - Structured second-level cache entries: disabled
INFO main org.hibernate.cfg.SettingsFactory - Statistics: disabled
INFO main org.hibernate.cfg.SettingsFactory - Deleted entity synthetic identifier rollback: disabled
INFO main org.hibernate.cfg.SettingsFactory - Default entity-mode: pojo
INFO main org.hibernate.cfg.SettingsFactory - Named query checking : enabled
INFO main org.hibernate.cfg.SettingsFactory - Check Nullability in Core (should be disabled when Bean Validation is on): enabled
INFO main org.hibernate.impl.SessionFactoryImpl - building session factory
INFO main org.hibernate.impl.SessionFactoryObjectFactory - Not binding factory to JNDI, no JNDI name configured
INFO main org.hibernate.annotations.common.Version - Hibernate Commons Annotations 3.2.0.Final
INFO main org.hibernate.cfg.Environment - Hibernate 3.6.0.Final
INFO main org.hibernate.cfg.Environment - hibernate.properties not found
INFO main org.hibernate.cfg.Environment - Bytecode provider name : javassist
INFO main org.hibernate.cfg.Environment - using JDK 1.4 java.sql.Timestamp handling
INFO main org.hibernate.cfg.Configuration - configuring from resource: /hibernate.cfg.xml
INFO main org.hibernate.cfg.Configuration - Configuration resource: /hibernate.cfg.xml
WARN main org.hibernate.util.DTDEntityResolver - recognized obsolete hibernate namespace http://hibernate.sourceforge.net/. Use namespace http://www.hibernate.org/dtd/ instead. Refer to Hibernate 3.6 Migration Guide!
INFO main org.hibernate.cfg.Configuration - Reading mappings from resource : com/drsun/model/User.hbm.xml
WARN main org.hibernate.util.DTDEntityResolver - recognized obsolete hibernate namespace http://hibernate.sourceforge.net/. Use namespace http://www.hibernate.org/dtd/ instead. Refer to Hibernate 3.6 Migration Guide!
INFO main org.hibernate.cfg.Configuration - Configured SessionFactory: null
INFO main org.hibernate.cfg.HbmBinder - Mapping class: com.drsun.model.User -> user
INFO main org.hibernate.cfg.Configuration - Hibernate Validator not found: ignoring
INFO main org.hibernate.cfg.search.HibernateSearchEventListenerRegister - Unable to find org.hibernate.search.event.FullTextIndexEventListener on the classpath. Hibernate Search is not enabled.
INFO main org.hibernate.connection.DriverManagerConnectionProvider - Using Hibernate built-in connection pool (not for production use!)
INFO main org.hibernate.connection.DriverManagerConnectionProvider - Hibernate connection pool size: 20
INFO main org.hibernate.connection.DriverManagerConnectionProvider - autocommit mode: false
INFO main org.hibernate.connection.DriverManagerConnectionProvider - using driver: com.mysql.jdbc.Driver at URL: jdbc:mysql://localhost:3306/psyorder
INFO main org.hibernate.connection.DriverManagerConnectionProvider - connection properties: {useUnicode=true, user=root, password=****, characterEncoding=UTF-8, charSet=UTF-8}
INFO main org.hibernate.cfg.SettingsFactory - Database ->
       name : MySQL
    version : 5.5.22
      major : 5
      minor : 5
INFO main org.hibernate.cfg.SettingsFactory - Driver ->
       name : MySQL-AB JDBC Driver
    version : mysql-connector-java-5.1.18 ( Revision: tonci.grgin@oracle.com-20110930151701-jfj14ddfq48ifkfq )
      major : 5
      minor : 1
INFO main org.hibernate.dialect.Dialect - Using dialect: org.hibernate.dialect.MySQL5InnoDBDialect
INFO main org.hibernate.transaction.TransactionFactoryFactory - Using default transaction strategy (direct JDBC transactions)
INFO main org.hibernate.transaction.TransactionManagerLookupFactory - No TransactionManagerLookup configured (in JTA environment, use of read-write or transactional second-level cache is not recommended)
INFO main org.hibernate.cfg.SettingsFactory - Automatic flush during beforeCompletion(): disabled
INFO main org.hibernate.cfg.SettingsFactory - Automatic session close at end of transaction: disabled
INFO main org.hibernate.cfg.SettingsFactory - JDBC batch size: 15
INFO main org.hibernate.cfg.SettingsFactory - JDBC batch updates for versioned data: disabled
INFO main org.hibernate.cfg.SettingsFactory - Scrollable result sets: enabled
INFO main org.hibernate.cfg.SettingsFactory - JDBC3 getGeneratedKeys(): enabled
INFO main org.hibernate.cfg.SettingsFactory - Connection release mode: auto
INFO main org.hibernate.cfg.SettingsFactory - Maximum outer join fetch depth: 2
INFO main org.hibernate.cfg.SettingsFactory - Default batch fetch size: 1
INFO main org.hibernate.cfg.SettingsFactory - Generate SQL with comments: disabled
INFO main org.hibernate.cfg.SettingsFactory - Order SQL updates by primary key: disabled
INFO main org.hibernate.cfg.SettingsFactory - Order SQL inserts for batching: disabled
INFO main org.hibernate.cfg.SettingsFactory - Query translator: org.hibernate.hql.ast.ASTQueryTranslatorFactory
INFO main org.hibernate.hql.ast.ASTQueryTranslatorFactory - Using ASTQueryTranslatorFactory
INFO main org.hibernate.cfg.SettingsFactory - Query language substitutions: {}
INFO main org.hibernate.cfg.SettingsFactory - JPA-QL strict compliance: disabled
INFO main org.hibernate.cfg.SettingsFactory - Second-level cache: enabled
INFO main org.hibernate.cfg.SettingsFactory - Query cache: disabled
INFO main org.hibernate.cfg.SettingsFactory - Cache region factory : org.hibernate.cache.impl.NoCachingRegionFactory
INFO main org.hibernate.cfg.SettingsFactory - Optimize cache for minimal puts: disabled
INFO main org.hibernate.cfg.SettingsFactory - Structured second-level cache entries: disabled
INFO main org.hibernate.cfg.SettingsFactory - Statistics: disabled
INFO main org.hibernate.cfg.SettingsFactory - Deleted entity synthetic identifier rollback: disabled
INFO main org.hibernate.cfg.SettingsFactory - Default entity-mode: pojo
INFO main org.hibernate.cfg.SettingsFactory - Named query checking : enabled
INFO main org.hibernate.cfg.SettingsFactory - Check Nullability in Core (should be disabled when Bean Validation is on): enabled
INFO main org.hibernate.impl.SessionFactoryImpl - building session factory
INFO main org.hibernate.impl.SessionFactoryObjectFactory - Not binding factory to JNDI, no JNDI name configured
